<?xml version="1.0" encoding="UTF-8"?>
<!-- Generated by org.testng.reporters.JUnitXMLReporter -->
<testsuite hostname="LAPTOP-IQRS1K8T" ignored="0" name="Default test" tests="5" failures="0" timestamp="2019-10-11T20:25:48 EDT" time="4.538" errors="0">
  <testcase name="TestSingleContent" time="2.792" classname="restAssuredBDD.Demo6_BasicValidation_Xml"/>
  <testcase name="TestMultipleContent" time="0.503" classname="restAssuredBDD.Demo6_BasicValidation_Xml"/>
  <testcase name="ContentInOneGo" time="0.329" classname="restAssuredBDD.Demo6_BasicValidation_Xml"/>
  <testcase name="TestUsingXpath" time="0.36" classname="restAssuredBDD.Demo6_BasicValidation_Xml"/>
  <testcase name="TestUsingXpath2" time="0.491" classname="restAssuredBDD.Demo6_BasicValidation_Xml"/>
</testsuite> <!-- Default test -->
